[debug] [2018-07-30T08:44:11.653Z] ----------------------------------------------------------------------
[debug] [2018-07-30T08:44:11.655Z] Command:       /Users/khanf/.nvm/versions/node/v10.7.0/bin/node /Users/khanf/.nvm/versions/node/v10.7.0/bin/firebase serve --only hosting
[debug] [2018-07-30T08:44:11.655Z] CLI Version:   4.0.0
[debug] [2018-07-30T08:44:11.655Z] Platform:      darwin
[debug] [2018-07-30T08:44:11.655Z] Node Version:  v10.7.0
[debug] [2018-07-30T08:44:11.657Z] Time:          Mon Jul 30 2018 18:44:11 GMT+1000 (Australian Eastern Standard Time)
[debug] [2018-07-30T08:44:11.657Z] ----------------------------------------------------------------------
[debug] 
[debug] [2018-07-30T08:44:11.669Z] > command requires scopes: ["email","openid","https://www.googleapis.com/auth/cloudplatformprojects.readonly","https://www.googleapis.com/auth/firebase","https://www.googleapis.com/auth/cloud-platform"]
[debug] [2018-07-30T08:44:11.669Z] > authorizing via signed-in user
[debug] [2018-07-30T08:44:11.671Z] > refreshing access token with scopes: ["email","https://www.googleapis.com/auth/cloud-platform","https://www.googleapis.com/auth/cloudplatformprojects.readonly","https://www.googleapis.com/auth/firebase","openid"]
[debug] [2018-07-30T08:44:11.671Z] >>> HTTP REQUEST POST https://www.googleapis.com/oauth2/v3/token  
 { refresh_token:
   '1/QwledcOkTrLiuhMmT4XEpTUmB1WRJFRzC-Owg2ljIyd79ro-zHwf8MQ4mpN9kXS2',
  client_id:
   '563584335869-fgrhgmd47bqnekij5i8b5pr03ho849e6.apps.googleusercontent.com',
  client_secret: 'j9iVZfS8kkCEFUPaAeJV0sAi',
  grant_type: 'refresh_token',
  scope:
   'email https://www.googleapis.com/auth/cloud-platform https://www.googleapis.com/auth/cloudplatformprojects.readonly https://www.googleapis.com/auth/firebase openid' } 
 Mon Jul 30 2018 18:44:11 GMT+1000 (Australian Eastern Standard Time)
[debug] [2018-07-30T08:44:12.019Z] <<< HTTP RESPONSE 200
[debug] [2018-07-30T08:44:12.028Z] >>> HTTP REQUEST GET https://admin.firebase.com/v1/projects/friendlychat-9aebd  
  
 Mon Jul 30 2018 18:44:12 GMT+1000 (Australian Eastern Standard Time)
[debug] [2018-07-30T08:44:13.039Z] <<< HTTP RESPONSE 200
[debug] [2018-07-30T08:44:13.040Z] >>> HTTP REQUEST GET https://admin.firebase.com/v1/database/friendlychat-9aebd/tokens  
  
 Mon Jul 30 2018 18:44:13 GMT+1000 (Australian Eastern Standard Time)
[debug] [2018-07-30T08:44:13.798Z] <<< HTTP RESPONSE 200
[debug] [2018-07-30T08:44:13.799Z] >>> HTTP REQUEST GET https://cloudresourcemanager.googleapis.com/v1/projects/friendlychat-9aebd  
  
 Mon Jul 30 2018 18:44:13 GMT+1000 (Australian Eastern Standard Time)
[debug] [2018-07-30T08:44:15.178Z] <<< HTTP RESPONSE 200
[info] 
[info] === Serving from '/Users/khanf/Desktop/fbchat/friendlychat-web/web-start'...
[info] 
[debug] [2018-07-30T08:44:15.181Z] >>> HTTP REQUEST GET https://mobilesdk-pa.googleapis.com/v1/projects/541195030135/clients/_:getWebAppConfig  
  
 Mon Jul 30 2018 18:44:15 GMT+1000 (Australian Eastern Standard Time)
[debug] [2018-07-30T08:44:16.831Z] <<< HTTP RESPONSE 200
[info] i  hosting: Serving hosting files from: ./
[info] ✔  hosting: Local server: http://localhost:5000

[debug] [2018-07-30T08:45:03.623Z] Error: connect ETIMEDOUT 172.217.25.35:443
    at TCPConnectWrap.afterConnect [as oncomplete] (net.js:1163:14)
[error] 
[error] Error: An unexpected error has occurred.
[debug] [2018-07-30T08:45:03.625Z] Error: connect ETIMEDOUT 172.217.25.35:443
    at TCPConnectWrap.afterConnect [as oncomplete] (net.js:1163:14)
[error] 
[error] Error: An unexpected error has occurred.
[debug] [2018-07-30T08:45:03.626Z] Error: connect ETIMEDOUT 172.217.25.35:443
    at TCPConnectWrap.afterConnect [as oncomplete] (net.js:1163:14)
[error] 
[error] Error: An unexpected error has occurred.
[debug] [2018-07-30T08:45:03.626Z] Error: connect ETIMEDOUT 172.217.25.35:443
    at TCPConnectWrap.afterConnect [as oncomplete] (net.js:1163:14)
[error] 
[error] Error: An unexpected error has occurred.
[debug] [2018-07-30T08:45:03.626Z] Error: connect ETIMEDOUT 172.217.25.35:443
    at TCPConnectWrap.afterConnect [as oncomplete] (net.js:1163:14)
[error] 
[error] Error: An unexpected error has occurred.
[debug] [2018-07-30T08:45:22.995Z] ----------------------------------------------------------------------
[debug] [2018-07-30T08:45:22.998Z] Command:       /Users/khanf/.nvm/versions/node/v10.7.0/bin/node /Users/khanf/.nvm/versions/node/v10.7.0/bin/firebase serve
[debug] [2018-07-30T08:45:22.998Z] CLI Version:   4.0.0
[debug] [2018-07-30T08:45:22.998Z] Platform:      darwin
[debug] [2018-07-30T08:45:22.998Z] Node Version:  v10.7.0
[debug] [2018-07-30T08:45:22.999Z] Time:          Mon Jul 30 2018 18:45:22 GMT+1000 (Australian Eastern Standard Time)
[debug] [2018-07-30T08:45:22.999Z] ----------------------------------------------------------------------
[debug] 
[debug] [2018-07-30T08:45:23.011Z] > command requires scopes: ["email","openid","https://www.googleapis.com/auth/cloudplatformprojects.readonly","https://www.googleapis.com/auth/firebase","https://www.googleapis.com/auth/cloud-platform"]
[debug] [2018-07-30T08:45:23.011Z] > authorizing via signed-in user
[debug] [2018-07-30T08:45:23.013Z] >>> HTTP REQUEST GET https://admin.firebase.com/v1/projects/friendlychat-9aebd  
  
 Mon Jul 30 2018 18:45:23 GMT+1000 (Australian Eastern Standard Time)
[debug] [2018-07-30T08:45:23.045Z] Error: connect EHOSTUNREACH 104.197.85.31:443 - Local (10.65.10.72:60546)
    at internalConnect (net.js:932:16)
    at defaultTriggerAsyncIdScope (internal/async_hooks.js:294:19)
    at GetAddrInfoReqWrap.emitLookup [as callback] (net.js:1081:9)
    at GetAddrInfoReqWrap.onlookup [as oncomplete] (dns.js:61:10)
[error] 
[error] Error: Server Error. connect EHOSTUNREACH 104.197.85.31:443 - Local (10.65.10.72:60546)
[debug] [2018-07-30T08:45:34.515Z] ----------------------------------------------------------------------
[debug] [2018-07-30T08:45:34.517Z] Command:       /Users/khanf/.nvm/versions/node/v10.7.0/bin/node /Users/khanf/.nvm/versions/node/v10.7.0/bin/firebase serve --only hosting
[debug] [2018-07-30T08:45:34.517Z] CLI Version:   4.0.0
[debug] [2018-07-30T08:45:34.517Z] Platform:      darwin
[debug] [2018-07-30T08:45:34.517Z] Node Version:  v10.7.0
[debug] [2018-07-30T08:45:34.518Z] Time:          Mon Jul 30 2018 18:45:34 GMT+1000 (Australian Eastern Standard Time)
[debug] [2018-07-30T08:45:34.518Z] ----------------------------------------------------------------------
[debug] 
[debug] [2018-07-30T08:45:34.529Z] > command requires scopes: ["email","openid","https://www.googleapis.com/auth/cloudplatformprojects.readonly","https://www.googleapis.com/auth/firebase","https://www.googleapis.com/auth/cloud-platform"]
[debug] [2018-07-30T08:45:34.529Z] > authorizing via signed-in user
[debug] [2018-07-30T08:45:34.531Z] >>> HTTP REQUEST GET https://admin.firebase.com/v1/projects/friendlychat-9aebd  
  
 Mon Jul 30 2018 18:45:34 GMT+1000 (Australian Eastern Standard Time)
[debug] [2018-07-30T08:45:59.521Z] ----------------------------------------------------------------------
[debug] [2018-07-30T08:45:59.523Z] Command:       /Users/khanf/.nvm/versions/node/v10.7.0/bin/node /Users/khanf/.nvm/versions/node/v10.7.0/bin/firebase serve --only hosting
[debug] [2018-07-30T08:45:59.524Z] CLI Version:   4.0.0
[debug] [2018-07-30T08:45:59.524Z] Platform:      darwin
[debug] [2018-07-30T08:45:59.524Z] Node Version:  v10.7.0
[debug] [2018-07-30T08:45:59.525Z] Time:          Mon Jul 30 2018 18:45:59 GMT+1000 (Australian Eastern Standard Time)
[debug] [2018-07-30T08:45:59.525Z] ----------------------------------------------------------------------
[debug] 
[debug] [2018-07-30T08:45:59.535Z] > command requires scopes: ["email","openid","https://www.googleapis.com/auth/cloudplatformprojects.readonly","https://www.googleapis.com/auth/firebase","https://www.googleapis.com/auth/cloud-platform"]
[debug] [2018-07-30T08:45:59.535Z] > authorizing via signed-in user
[debug] [2018-07-30T08:45:59.537Z] >>> HTTP REQUEST GET https://admin.firebase.com/v1/projects/friendlychat-9aebd  
  
 Mon Jul 30 2018 18:45:59 GMT+1000 (Australian Eastern Standard Time)
[debug] [2018-07-30T08:46:49.113Z] ----------------------------------------------------------------------
[debug] [2018-07-30T08:46:49.115Z] Command:       /Users/khanf/.nvm/versions/node/v10.7.0/bin/node /Users/khanf/.nvm/versions/node/v10.7.0/bin/firebase serve --only hosting
[debug] [2018-07-30T08:46:49.116Z] CLI Version:   4.0.0
[debug] [2018-07-30T08:46:49.116Z] Platform:      darwin
[debug] [2018-07-30T08:46:49.116Z] Node Version:  v10.7.0
[debug] [2018-07-30T08:46:49.117Z] Time:          Mon Jul 30 2018 18:46:49 GMT+1000 (Australian Eastern Standard Time)
[debug] [2018-07-30T08:46:49.117Z] ----------------------------------------------------------------------
[debug] 
[debug] [2018-07-30T08:46:49.129Z] > command requires scopes: ["email","openid","https://www.googleapis.com/auth/cloudplatformprojects.readonly","https://www.googleapis.com/auth/firebase","https://www.googleapis.com/auth/cloud-platform"]
[debug] [2018-07-30T08:46:49.129Z] > authorizing via signed-in user
[debug] [2018-07-30T08:46:49.131Z] >>> HTTP REQUEST GET https://admin.firebase.com/v1/projects/friendlychat-9aebd  
  
 Mon Jul 30 2018 18:46:49 GMT+1000 (Australian Eastern Standard Time)
[debug] [2018-07-30T08:46:50.924Z] Error: getaddrinfo ENOTFOUND admin.firebase.com admin.firebase.com:443
    at GetAddrInfoReqWrap.onlookup [as oncomplete] (dns.js:56:26)
[error] 
[error] Error: Server Error. getaddrinfo ENOTFOUND admin.firebase.com admin.firebase.com:443
[debug] [2018-07-30T08:48:34.753Z] ----------------------------------------------------------------------
[debug] [2018-07-30T08:48:34.757Z] Command:       /Users/khanf/.nvm/versions/node/v10.7.0/bin/node /Users/khanf/.nvm/versions/node/v10.7.0/bin/firebase serve --only hosting
[debug] [2018-07-30T08:48:34.757Z] CLI Version:   4.0.0
[debug] [2018-07-30T08:48:34.757Z] Platform:      darwin
[debug] [2018-07-30T08:48:34.757Z] Node Version:  v10.7.0
[debug] [2018-07-30T08:48:34.758Z] Time:          Mon Jul 30 2018 18:48:34 GMT+1000 (Australian Eastern Standard Time)
[debug] [2018-07-30T08:48:34.758Z] ----------------------------------------------------------------------
[debug] 
[debug] [2018-07-30T08:48:37.822Z] > command requires scopes: ["email","openid","https://www.googleapis.com/auth/cloudplatformprojects.readonly","https://www.googleapis.com/auth/firebase","https://www.googleapis.com/auth/cloud-platform"]
[debug] [2018-07-30T08:48:37.823Z] > authorizing via signed-in user
[debug] [2018-07-30T08:48:37.825Z] >>> HTTP REQUEST GET https://admin.firebase.com/v1/projects/friendlychat-9aebd  
  
 Mon Jul 30 2018 18:48:37 GMT+1000 (Australian Eastern Standard Time)
[debug] [2018-07-30T08:48:38.714Z] <<< HTTP RESPONSE 200
[debug] [2018-07-30T08:48:38.715Z] >>> HTTP REQUEST GET https://admin.firebase.com/v1/database/friendlychat-9aebd/tokens  
  
 Mon Jul 30 2018 18:48:38 GMT+1000 (Australian Eastern Standard Time)
[debug] [2018-07-30T08:48:39.467Z] <<< HTTP RESPONSE 200
[debug] [2018-07-30T08:48:39.467Z] >>> HTTP REQUEST GET https://cloudresourcemanager.googleapis.com/v1/projects/friendlychat-9aebd  
  
 Mon Jul 30 2018 18:48:39 GMT+1000 (Australian Eastern Standard Time)
[debug] [2018-07-30T08:48:41.038Z] <<< HTTP RESPONSE 200
[info] 
[info] === Serving from '/Users/khanf/Desktop/fbchat/friendlychat-web/web-start'...
[info] 
[debug] [2018-07-30T08:48:41.041Z] >>> HTTP REQUEST GET https://mobilesdk-pa.googleapis.com/v1/projects/541195030135/clients/_:getWebAppConfig  
  
 Mon Jul 30 2018 18:48:41 GMT+1000 (Australian Eastern Standard Time)
[debug] [2018-07-30T08:48:42.011Z] <<< HTTP RESPONSE 200
[info] i  hosting: Serving hosting files from: ./
[info] ✔  hosting: Local server: http://localhost:5000

